<?xml version="1.0" encoding="UTF-8"?>
<!-- Generated by org.testng.reporters.JUnitXMLReporter -->
<testsuite ignored="0" hostname="LAPTOP-LBKTQD0G" failures="1" tests="1" name="SearchPageTest" time="1.251" errors="0" timestamp="2024-04-03T14:05:17 IST">
  <testcase classname="testpkg.SearchTest" name="searchFieldTest" time="1.242">
    <failure type="java.lang.NullPointerException" message="Cannot invoke &amp;quot;org.openqa.selenium.WebDriver.manage()&amp;quot; because &amp;quot;this.driver&amp;quot; is null">
      <![CDATA[java.lang.NullPointerException: Cannot invoke "org.openqa.selenium.WebDriver.manage()" because "this.driver" is null
at pagepkg.Search.searchProducts(Search.java:33)
at testpkg.SearchTest.searchFieldTest(SearchTest.java:23)
at java.base/java.util.ArrayList.forEach(ArrayList.java:1511)
... Removed 27 stack frames]]>
    </failure>
  </testcase> <!-- searchFieldTest -->
</testsuite> <!-- SearchPageTest -->
