<?xml version="1.0" encoding="UTF-8"?>
<testng-results ignored="0" total="1" passed="1" failed="0" skipped="0">
  <reporter-output>
  </reporter-output>
  <suite started-at="2024-04-03T14:40:49 IST" name="Default suite" finished-at="2024-04-03T14:42:13 IST" duration-ms="83804">
    <groups>
    </groups>
    <test started-at="2024-04-03T14:40:49 IST" name="Default test" finished-at="2024-04-03T14:42:13 IST" duration-ms="83804">
      <class name="testpkg.ProductPageTest">
        <test-method is-config="true" signature="setUp()[pri:0, instance:testpkg.ProductPageTest@d86a6f]" started-at="2024-04-03T14:40:49 IST" name="setUp" finished-at="2024-04-03T14:41:20 IST" duration-ms="31732" status="PASS">
          <reporter-output>
          </reporter-output>
        </test-method> <!-- setUp -->
        <test-method signature="productPageTest()[pri:0, instance:testpkg.ProductPageTest@d86a6f]" started-at="2024-04-03T14:41:21 IST" name="productPageTest" finished-at="2024-04-03T14:42:13 IST" duration-ms="51992" status="PASS">
          <reporter-output>
          </reporter-output>
        </test-method> <!-- productPageTest -->
      </class> <!-- testpkg.ProductPageTest -->
    </test> <!-- Default test -->
  </suite> <!-- Default suite -->
</testng-results>
